
SQL*Loader: Release 10.2.0.1.0 - Production on Tue Apr 10 20:47:17 2012

Copyright (c) 1982, 2005, Oracle.  All rights reserved.

Control File:   advisor.ctl
Data File:      advisor.dat
  Bad File:     advisor.bad
  Discard File:  none specified
 
 (Allow all discards)

Number to load: ALL
Number to skip: 0
Errors allowed: 50
Bind array:     64 rows, maximum of 256000 bytes
Continuation:    none specified
Path used:      Conventional

Table ADVISOR, loaded from every logical record.
Insert option in effect for this table: INSERT

   Column Name                  Position   Len  Term Encl Datatype
------------------------------ ---------- ----- ---- ---- ---------------------
USERNAME                            FIRST     *   |       CHARACTER            
PASSWORD                             NEXT     *   |       CHARACTER            

SQL*Loader-941: Error during describe of table ADVISOR
ORA-04043: object ADVISOR does not exist

